<?xml version="1.0" encoding="UTF-8"?>
<!-- Generated by org.testng.reporters.JUnitReportReporter -->
<testsuite skipped="0" hostname="PC346939" name="testCases.BookTicket" tests="4" failures="0" timestamp="21 Aug 2017 07:59:59 GMT" time="10.778" errors="0">
  <testcase name="signInHomePage" time="5.396" classname="testCases.BookTicket"/>
  <testcase name="fillFlightFinderPage" time="2.249" classname="testCases.BookTicket"/>
  <testcase name="selectFlight" time="2.939" classname="testCases.BookTicket"/>
  <testcase name="takeScreenshot" time="0.194" classname="testCases.BookTicket"/>
</testsuite> <!-- testCases.BookTicket -->
